2024-05-02T03:05:58+00:00 DEBUG POST: https://ads.tiktok.com/marketing_api/api/developer/app/create_auto_approve/

{"business_platform":"PROD","smb_id":"tt4b_woocommerce_66330316b8bfdhttplocalhostagissnackwp-admin","smb_name":"PROD","redirect_url":"http:\/\/localhost\/agis_snack\/wp-admin\/"}
 ajax: no
2024-05-02T03:06:00+00:00 DEBUG Tt4b_Mapi_Class::create_open_source_app: Response: 

HTTP/1.1 200 OK
Content-Type: application/json
X-Tt-Logid: 20240502030601BA3715010C729107B551,20240502030601BA3715010C729107B551
Strict-Transport-Security: max-age=31536000; includeSubDomains
x-tt-trace-host: 011aa1d776dca6e9950e8a0431259f29a28d09a430dd17a4f4ababa74c87211bdc7f589e33ae44bf8641e43cc0d5252a91ccdda52d4140df154b936e45815fe04752d338e54349c1ac69bd7d094d7120f68621cb83632b6b38902fc51d792f1f8193eb81000cd4fc29c389f6c8258b0b3a
x-tt-trace-id: 00-240502030601BA3715010C729107B551-0EE6F02C6AA99190-00
Server: TLB
Content-Encoding: gzip
Content-Length: 207
X-Origin-Response-Time: 192,23.48.107.55
X-Akamai-Request-ID: 9d7999c.7f89ffa4
Date: Thu, 02 May 2024 03:06:03 GMT
X-Cache: TCP_MISS from a23-214-75-203.deploy.akamaitechnologies.com (AkamaiGHost/11.4.5-55391218) (-)
Connection: close
Vary: Accept-Encoding
X-Cache-Remote: TCP_MISS from a23-48-107-55.deploy.akamaitechnologies.com (AkamaiGHost/11.5.0.1-56208139) (-)
x-tt-trace-tag: id=16;cdn-cache=miss;type=dyn
Server-Timing: cdn-cache; desc=MISS, edge; dur=16, origin; dur=192
Server-Timing: inner; dur=187
X-Parent-Response-Time: 205,23.214.75.203

{"code":0,"msg":"ok","data":{"redirect_uri":"http:\/\/localhost\/agis_snack\/wp-admin\/","external_data_key":"b18cf389-f6f0-43f1-a33a-85032155743f","app_secret":"221c6e4e883507482903244f8c074746ed087836","app_id":"7364233230632894481"}}

